<?xml version="1.0" encoding="UTF-8" ?>
<testsuite failures="0" time="0.008" errors="1" skipped="0" tests="1" name="org.owasp.esapi.waf.WAFFilterTest">
  <properties>
    <property name="java.runtime.name" value="Java(TM) SE Runtime Environment"/>
    <property name="sun.boot.library.path" value="C:\Program Files\Java\jre6\bin"/>
    <property name="java.vm.version" value="19.1-b02"/>
    <property name="java.vm.vendor" value="Sun Microsystems Inc."/>
    <property name="java.vendor.url" value="http://java.sun.com/"/>
    <property name="path.separator" value=";"/>
    <property name="java.vm.name" value="Java HotSpot(TM) Client VM"/>
    <property name="file.encoding.pkg" value="sun.io"/>
    <property name="user.country" value="MX"/>
    <property name="sun.java.launcher" value="SUN_STANDARD"/>
    <property name="sun.os.patch.level" value="Service Pack 2"/>
    <property name="java.vm.specification.name" value="Java Virtual Machine Specification"/>
    <property name="user.dir" value="C:\Users\Juan Carlos\Desktop\OWASP\WAF\MyWAF"/>
    <property name="java.runtime.version" value="1.6.0_24-b07"/>
    <property name="java.awt.graphicsenv" value="sun.awt.Win32GraphicsEnvironment"/>
    <property name="basedir" value="C:\Users\Juan Carlos\Desktop\OWASP\WAF\MyWAF"/>
    <property name="java.endorsed.dirs" value="C:\Program Files\Java\jre6\lib\endorsed"/>
    <property name="os.arch" value="x86"/>
    <property name="surefire.real.class.path" value="C:\Users\Juan Carlos\Desktop\OWASP\WAF\MyWAF\target\surefire\surefirebooter2631793917809060463.jar"/>
    <property name="java.io.tmpdir" value="C:\Users\JUANCA~1\AppData\Local\Temp\"/>
    <property name="line.separator" value="
"/>
    <property name="java.vm.specification.vendor" value="Sun Microsystems Inc."/>
    <property name="user.variant" value=""/>
    <property name="os.name" value="Windows Vista"/>
    <property name="sun.jnu.encoding" value="Cp1252"/>
    <property name="java.library.path" value="C:\Program Files\Java\jre6\bin;.;C:\Windows\Sun\Java\bin;C:\Windows\system32;C:\Windows;C:/Program Files/Java/jdk1.6.0_13/bin/../jre/bin/client;C:/Program Files/Java/jdk1.6.0_13/bin/../jre/bin;C:\Program Files\Common Files\Microsoft Shared\Windows Live;C:\Windows\system32;C:\Windows;C:\Windows\System32\Wbem;C:\Program Files\Common Files\Roxio Shared\DLLShared\;C:\Program Files\Common Files\Roxio Shared\10.0\DLLShared\;C:\Program Files\ZipGenius 6\;C:\Program Files\TortoiseSVN\bin;C:\Program Files\PHP;C:\Program Files\flex_sdk_3\bin;C:\cygwin\bin\;C:\Program Files\Common Files\DivX Shared\;c:\Program Files\Microsoft SQL Server\100\Tools\Binn\;c:\Program Files\Microsoft SQL Server\100\DTS\Binn\;C:\Program Files\Windows Live\Shared;C:\Program Files\GtkSharp\2.12\bin;C:\Windows\System32\WindowsPowerShell\v1.0\;C:\Program Files\QuickTime\QTSystem\;C:\Program Files\Java\jdk1.6.0_13\bin"/>
    <property name="surefire.test.class.path" value="C:\Users\Juan Carlos\Desktop\OWASP\WAF\MyWAF\target\test-classes;C:\Users\Juan Carlos\Desktop\OWASP\WAF\MyWAF\target\classes;C:\Users\Juan Carlos\.m2\repository\xom\xom\1.2.5\xom-1.2.5.jar;C:\Users\Juan Carlos\.m2\repository\xml-apis\xml-apis\1.3.03\xml-apis-1.3.03.jar;C:\Users\Juan Carlos\.m2\repository\xerces\xercesImpl\2.8.0\xercesImpl-2.8.0.jar;C:\Users\Juan Carlos\.m2\repository\xalan\xalan\2.7.0\xalan-2.7.0.jar;C:\Users\Juan Carlos\.m2\repository\org\beanshell\bsh-core\2.0b4\bsh-core-2.0b4.jar;C:\Users\Juan Carlos\.m2\repository\org\apache\tomcat\servlet-api\6.0.32\servlet-api-6.0.32.jar;C:\Users\Juan Carlos\.m2\repository\org\apache\tomcat\jsp-api\6.0.32\jsp-api-6.0.32.jar;C:\Users\Juan Carlos\.m2\repository\org\apache\tomcat\el-api\6.0.32\el-api-6.0.32.jar;C:\Users\Juan Carlos\.m2\repository\log4j\log4j\1.2.14\log4j-1.2.14.jar;C:\Users\Juan Carlos\.m2\repository\commons-fileupload\commons-fileupload\1.2.2\commons-fileupload-1.2.2.jar;C:\Users\Juan Carlos\.m2\repository\org\owasp\esapi\esapi\2.0_rc10\esapi-2.0_rc10.jar;C:\Users\Juan Carlos\.m2\repository\commons-configuration\commons-configuration\1.5\commons-configuration-1.5.jar;C:\Users\Juan Carlos\.m2\repository\commons-lang\commons-lang\2.3\commons-lang-2.3.jar;C:\Users\Juan Carlos\.m2\repository\commons-logging\commons-logging\1.1\commons-logging-1.1.jar;C:\Users\Juan Carlos\.m2\repository\logkit\logkit\1.0.1\logkit-1.0.1.jar;C:\Users\Juan Carlos\.m2\repository\avalon-framework\avalon-framework\4.1.3\avalon-framework-4.1.3.jar;C:\Users\Juan Carlos\.m2\repository\javax\servlet\servlet-api\2.3\servlet-api-2.3.jar;C:\Users\Juan Carlos\.m2\repository\commons-digester\commons-digester\1.8\commons-digester-1.8.jar;C:\Users\Juan Carlos\.m2\repository\commons-beanutils\commons-beanutils\1.7.0\commons-beanutils-1.7.0.jar;C:\Users\Juan Carlos\.m2\repository\commons-beanutils\commons-beanutils-core\1.7.0\commons-beanutils-core-1.7.0.jar;C:\Users\Juan Carlos\.m2\repository\commons-collections\commons-collections\3.2\commons-collections-3.2.jar;C:\Users\Juan Carlos\.m2\repository\org\owasp\antisamy\1.4\antisamy-1.4.jar;C:\Users\Juan Carlos\.m2\repository\org\apache\xmlgraphics\batik-css\1.7\batik-css-1.7.jar;C:\Users\Juan Carlos\.m2\repository\org\apache\xmlgraphics\batik-ext\1.7\batik-ext-1.7.jar;C:\Users\Juan Carlos\.m2\repository\org\apache\xmlgraphics\batik-util\1.7\batik-util-1.7.jar;C:\Users\Juan Carlos\.m2\repository\xml-apis\xml-apis-ext\1.3.04\xml-apis-ext-1.3.04.jar;C:\Users\Juan Carlos\.m2\repository\net\sourceforge\nekohtml\nekohtml\1.9.12\nekohtml-1.9.12.jar;C:\Users\Juan Carlos\.m2\repository\commons-httpclient\commons-httpclient\3.1\commons-httpclient-3.1.jar;C:\Users\Juan Carlos\.m2\repository\commons-codec\commons-codec\1.2\commons-codec-1.2.jar;C:\Users\Juan Carlos\.m2\repository\junit\junit\4.8.2\junit-4.8.2.jar;"/>
    <property name="java.specification.name" value="Java Platform API Specification"/>
    <property name="java.class.version" value="50.0"/>
    <property name="sun.management.compiler" value="HotSpot Client Compiler"/>
    <property name="os.version" value="6.0"/>
    <property name="user.home" value="C:\Users\Juan Carlos"/>
    <property name="user.timezone" value=""/>
    <property name="java.awt.printerjob" value="sun.awt.windows.WPrinterJob"/>
    <property name="java.specification.version" value="1.6"/>
    <property name="file.encoding" value="Cp1252"/>
    <property name="user.name" value="Juan Carlos"/>
    <property name="java.class.path" value="C:\Users\Juan Carlos\Desktop\OWASP\WAF\MyWAF\target\test-classes;C:\Users\Juan Carlos\Desktop\OWASP\WAF\MyWAF\target\classes;C:\Users\Juan Carlos\.m2\repository\xom\xom\1.2.5\xom-1.2.5.jar;C:\Users\Juan Carlos\.m2\repository\xml-apis\xml-apis\1.3.03\xml-apis-1.3.03.jar;C:\Users\Juan Carlos\.m2\repository\xerces\xercesImpl\2.8.0\xercesImpl-2.8.0.jar;C:\Users\Juan Carlos\.m2\repository\xalan\xalan\2.7.0\xalan-2.7.0.jar;C:\Users\Juan Carlos\.m2\repository\org\beanshell\bsh-core\2.0b4\bsh-core-2.0b4.jar;C:\Users\Juan Carlos\.m2\repository\org\apache\tomcat\servlet-api\6.0.32\servlet-api-6.0.32.jar;C:\Users\Juan Carlos\.m2\repository\org\apache\tomcat\jsp-api\6.0.32\jsp-api-6.0.32.jar;C:\Users\Juan Carlos\.m2\repository\org\apache\tomcat\el-api\6.0.32\el-api-6.0.32.jar;C:\Users\Juan Carlos\.m2\repository\log4j\log4j\1.2.14\log4j-1.2.14.jar;C:\Users\Juan Carlos\.m2\repository\commons-fileupload\commons-fileupload\1.2.2\commons-fileupload-1.2.2.jar;C:\Users\Juan Carlos\.m2\repository\org\owasp\esapi\esapi\2.0_rc10\esapi-2.0_rc10.jar;C:\Users\Juan Carlos\.m2\repository\commons-configuration\commons-configuration\1.5\commons-configuration-1.5.jar;C:\Users\Juan Carlos\.m2\repository\commons-lang\commons-lang\2.3\commons-lang-2.3.jar;C:\Users\Juan Carlos\.m2\repository\commons-logging\commons-logging\1.1\commons-logging-1.1.jar;C:\Users\Juan Carlos\.m2\repository\logkit\logkit\1.0.1\logkit-1.0.1.jar;C:\Users\Juan Carlos\.m2\repository\avalon-framework\avalon-framework\4.1.3\avalon-framework-4.1.3.jar;C:\Users\Juan Carlos\.m2\repository\javax\servlet\servlet-api\2.3\servlet-api-2.3.jar;C:\Users\Juan Carlos\.m2\repository\commons-digester\commons-digester\1.8\commons-digester-1.8.jar;C:\Users\Juan Carlos\.m2\repository\commons-beanutils\commons-beanutils\1.7.0\commons-beanutils-1.7.0.jar;C:\Users\Juan Carlos\.m2\repository\commons-beanutils\commons-beanutils-core\1.7.0\commons-beanutils-core-1.7.0.jar;C:\Users\Juan Carlos\.m2\repository\commons-collections\commons-collections\3.2\commons-collections-3.2.jar;C:\Users\Juan Carlos\.m2\repository\org\owasp\antisamy\1.4\antisamy-1.4.jar;C:\Users\Juan Carlos\.m2\repository\org\apache\xmlgraphics\batik-css\1.7\batik-css-1.7.jar;C:\Users\Juan Carlos\.m2\repository\org\apache\xmlgraphics\batik-ext\1.7\batik-ext-1.7.jar;C:\Users\Juan Carlos\.m2\repository\org\apache\xmlgraphics\batik-util\1.7\batik-util-1.7.jar;C:\Users\Juan Carlos\.m2\repository\xml-apis\xml-apis-ext\1.3.04\xml-apis-ext-1.3.04.jar;C:\Users\Juan Carlos\.m2\repository\net\sourceforge\nekohtml\nekohtml\1.9.12\nekohtml-1.9.12.jar;C:\Users\Juan Carlos\.m2\repository\commons-httpclient\commons-httpclient\3.1\commons-httpclient-3.1.jar;C:\Users\Juan Carlos\.m2\repository\commons-codec\commons-codec\1.2\commons-codec-1.2.jar;C:\Users\Juan Carlos\.m2\repository\junit\junit\4.8.2\junit-4.8.2.jar;"/>
    <property name="java.vm.specification.version" value="1.0"/>
    <property name="sun.arch.data.model" value="32"/>
    <property name="java.home" value="C:\Program Files\Java\jre6"/>
    <property name="java.specification.vendor" value="Sun Microsystems Inc."/>
    <property name="user.language" value="es"/>
    <property name="awt.toolkit" value="sun.awt.windows.WToolkit"/>
    <property name="java.vm.info" value="mixed mode, sharing"/>
    <property name="java.version" value="1.6.0_24"/>
    <property name="java.ext.dirs" value="C:\Program Files\Java\jre6\lib\ext;C:\Windows\Sun\Java\lib\ext"/>
    <property name="sun.boot.class.path" value="C:\Program Files\Java\jre6\lib\resources.jar;C:\Program Files\Java\jre6\lib\rt.jar;C:\Program Files\Java\jre6\lib\sunrsasign.jar;C:\Program Files\Java\jre6\lib\jsse.jar;C:\Program Files\Java\jre6\lib\jce.jar;C:\Program Files\Java\jre6\lib\charsets.jar;C:\Program Files\Java\jre6\lib\modules\jdk.boot.jar;C:\Program Files\Java\jre6\classes"/>
    <property name="java.vendor" value="Sun Microsystems Inc."/>
    <property name="localRepository" value="C:\Users\Juan Carlos\.m2\repository"/>
    <property name="file.separator" value="\"/>
    <property name="java.vendor.url.bug" value="http://java.sun.com/cgi-bin/bugreport.cgi"/>
    <property name="sun.cpu.endian" value="little"/>
    <property name="sun.io.unicode.encoding" value="UnicodeLittle"/>
    <property name="sun.desktop" value="windows"/>
    <property name="sun.cpu.isalist" value="pentium_pro+mmx pentium_pro pentium+mmx pentium i486 i386 i86"/>
  </properties>
  <testcase time="0.002" classname="org.owasp.esapi.waf.WAFFilterTest" name="initializationError">
    <error message="org/owasp/esapi/http/MockHttpServletRequest" type="java.lang.NoClassDefFoundError">java.lang.NoClassDefFoundError: org/owasp/esapi/http/MockHttpServletRequest
	at java.lang.Class.getDeclaredMethods0(Native Method)
	at java.lang.Class.privateGetDeclaredMethods(Unknown Source)
	at java.lang.Class.getDeclaredMethods(Unknown Source)
	at junit.framework.TestSuite.addTestsFromTestCase(TestSuite.java:149)
	at junit.framework.TestSuite.&lt;init&gt;(TestSuite.java:129)
	at org.owasp.esapi.waf.AddHeaderTest.suite(AddHeaderTest.java:27)
	at org.owasp.esapi.waf.WAFFilterTest.suite(WAFFilterTest.java:56)
	at sun.reflect.NativeMethodAccessorImpl.invoke0(Native Method)
	at sun.reflect.NativeMethodAccessorImpl.invoke(Unknown Source)
	at sun.reflect.DelegatingMethodAccessorImpl.invoke(Unknown Source)
	at java.lang.reflect.Method.invoke(Unknown Source)
	at org.junit.internal.runners.SuiteMethod.testFromSuiteMethod(SuiteMethod.java:34)
	at org.junit.internal.runners.SuiteMethod.&lt;init&gt;(SuiteMethod.java:23)
	at org.junit.internal.builders.SuiteMethodBuilder.runnerForClass(SuiteMethodBuilder.java:14)
	at org.junit.runners.model.RunnerBuilder.safeRunnerForClass(RunnerBuilder.java:57)
	at org.junit.internal.builders.AllDefaultPossibilitiesBuilder.runnerForClass(AllDefaultPossibilitiesBuilder.java:29)
	at org.junit.runners.model.RunnerBuilder.safeRunnerForClass(RunnerBuilder.java:57)
	at org.junit.internal.requests.ClassRequest.getRunner(ClassRequest.java:24)
	at org.apache.maven.surefire.junit4.JUnit4TestSet.execute(JUnit4TestSet.java:33)
	at org.apache.maven.surefire.junit4.JUnit4Provider.executeTestSet(JUnit4Provider.java:146)
	at org.apache.maven.surefire.junit4.JUnit4Provider.invoke(JUnit4Provider.java:97)
	at sun.reflect.NativeMethodAccessorImpl.invoke0(Native Method)
	at sun.reflect.NativeMethodAccessorImpl.invoke(Unknown Source)
	at sun.reflect.DelegatingMethodAccessorImpl.invoke(Unknown Source)
	at java.lang.reflect.Method.invoke(Unknown Source)
	at org.apache.maven.surefire.booter.ProviderFactory$ClassLoaderProxy.invoke(ProviderFactory.java:103)
	at $Proxy0.invoke(Unknown Source)
	at org.apache.maven.surefire.booter.SurefireStarter.invokeProvider(SurefireStarter.java:145)
	at org.apache.maven.surefire.booter.SurefireStarter.runSuitesInProcess(SurefireStarter.java:87)
	at org.apache.maven.surefire.booter.ForkedBooter.main(ForkedBooter.java:69)
Caused by: java.lang.ClassNotFoundException: org.owasp.esapi.http.MockHttpServletRequest
	at java.net.URLClassLoader$1.run(Unknown Source)
	at java.security.AccessController.doPrivileged(Native Method)
	at java.net.URLClassLoader.findClass(Unknown Source)
	at java.lang.ClassLoader.loadClass(Unknown Source)
	at sun.misc.Launcher$AppClassLoader.loadClass(Unknown Source)
	at java.lang.ClassLoader.loadClass(Unknown Source)
	... 30 more
</error>
    <system-out>@SLTests run: 1, Failures: 0, Errors: 1, Skipped: 0, Time elapsed: 0.006 sec &lt;&lt;&lt; FAILURE!
@SLRunning org.owasp.esapi.waf.WAFFilterTest
</system-out>
  </testcase>
</testsuite>